#
# A fatal error has been detected by the Java Runtime Environment:
#
#  EXCEPTION_ACCESS_VIOLATION (0xc0000005) at pc=0x00007ffe0edf8fb3, pid=21348, tid=10456
#
# JRE version: Java(TM) SE Runtime Environment (14.0.1+7) (build 14.0.1+7)
# Java VM: Java HotSpot(TM) 64-Bit Server VM (14.0.1+7, mixed mode, sharing, tiered, compressed oops, g1 gc, windows-amd64)
# Problematic frame:
# V  [jvm.dll+0x208fb3]
#
# No core dump will be written. Minidumps are not enabled by default on client versions of Windows
#
# If you would like to submit a bug report, please visit:
#   https://bugreport.java.com/bugreport/crash.jsp
#

---------------  S U M M A R Y ------------

Command Line: -agentlib:jdwp=transport=dt_socket,suspend=y,address=localhost:57493 -javaagent:C:\Users\alfin.anthonyraj\eclipse\java-2020-032\eclipse\configuration\org.eclipse.osgi\223\0\.cp\lib\javaagent-shaded.jar -Dfile.encoding=UTF-8 com.atmecs.updatedcalc.Evaluation

Host: Intel(R) Core(TM) i5-8250U CPU @ 1.60GHz, 8 cores, 7G,  Windows 10 , 64 bit Build 18362 (10.0.18362.329)
Time: Wed Sep  2 12:17:57 2020 India Standard Time elapsed time: 2125 seconds (0d 0h 35m 25s)

---------------  T H R E A D  ---------------

Current thread (0x000001dffa249800):  JavaThread "JDWP Transport Listener: dt_socket" daemon [_thread_in_vm, id=10456, stack(0x0000001fe8800000,0x0000001fe8900000)] _threads_hazard_ptr=0x000001dffa375840

Stack: [0x0000001fe8800000,0x0000001fe8900000],  sp=0x0000001fe88fea38,  free space=1018k
Native frames: (J=compiled Java code, j=interpreted, Vv=VM code, C=native code)
V  [jvm.dll+0x208fb3]


siginfo: EXCEPTION_ACCESS_VIOLATION (0xc0000005), reading address 0x000001dff9c7710a


Register to memory mapping:

RIP=0x00007ffe0edf8fb3 jvm.dll
RAX=0x000000000000fa45 is an unknown value
RBX=0x0000001fe88fecf0 is pointing into the stack for thread: 0x000001dffa249800
RCX=0x000001dff9bf9ea0 is pointing into metadata
RDX=0x000000000000fa45 is an unknown value
RSP=0x0000001fe88fea38 is pointing into the stack for thread: 0x000001dffa249800
RBP=0x0000000000000001 is an unknown value
RSI=0x0000000000000001 is an unknown value
RDI=0x000001dff9bf9ea0 is pointing into metadata
R8 =0x0 is NULL
R9 =0x000001dff9bf9ea0 is pointing into metadata
R10=0x00007ffe0ebf0000 jvm.dll
R11=0x0000001fe88feaa0 is pointing into the stack for thread: 0x000001dffa249800
R12=0x000001dffa2c6e70 points into unknown readable memory: 00 b2 b2 89 00 00 00 00
R13=0x0 is NULL
R14=0x000001dff9bfa246 is pointing into metadata
R15=0x0000000000000027 is an unknown value


Registers:
RAX=0x000000000000fa45, RBX=0x0000001fe88fecf0, RCX=0x000001dff9bf9ea0, RDX=0x000000000000fa45
RSP=0x0000001fe88fea38, RBP=0x0000000000000001, RSI=0x0000000000000001, RDI=0x000001dff9bf9ea0
R8 =0x0000000000000000, R9 =0x000001dff9bf9ea0, R10=0x00007ffe0ebf0000, R11=0x0000001fe88feaa0
R12=0x000001dffa2c6e70, R13=0x0000000000000000, R14=0x000001dff9bfa246, R15=0x0000000000000027
RIP=0x00007ffe0edf8fb3, EFLAGS=0x0000000000010206

Top of Stack: (sp=0x0000001fe88fea38)
0x0000001fe88fea38:   00007ffe0eedeefd 0000001fe88feac0
0x0000001fe88fea48:   00007ffe0eee2c53 0000000000000004
0x0000001fe88fea58:   00007ffe0f17ec3e 0000001f00000000
0x0000001fe88fea68:   00007ffe0eee2f97 0000001fe88feb50
0x0000001fe88fea78:   00007ffe0edf471d 000052eb95797134
0x0000001fe88fea88:   0000001fe88fecf0 000001dff9bfa246
0x0000001fe88fea98:   0000001fe88feb50 0000001fe88fecf0
0x0000001fe88feaa8:   00007ffe0eee0f82 0000001fe88fecf0
0x0000001fe88feab8:   000000000000001e 0000000000000001
0x0000001fe88feac8:   000001dff9bfa22b 0000001f0000001e
0x0000001fe88fead8:   6666666666666667 000001dff9bfa2a8
0x0000001fe88feae8:   000001dffa249800 000001dff9bfa239
0x0000001fe88feaf8:   00007ffe000000e6 000001dff9bfa2a8
0x0000001fe88feb08:   000001dffa2c6ee0 0000000000000027
0x0000001fe88feb18:   00000000000000b2 00000000000000b2
0x0000001fe88feb28:   00007ffe0eee190e 0000001fe88fecf0 

Instructions: (pc=0x00007ffe0edf8fb3)
0x00007ffe0edf8eb3:   5e 41 5d 41 5c 5e c3 4d 8b c6 41 8b d7 48 8b ce
0x00007ffe0edf8ec3:   e8 a8 03 00 00 48 8b 7c 24 68 48 83 c4 20 41 5f
0x00007ffe0edf8ed3:   41 5e 41 5d 41 5c 5e c3 cc cc cc cc cc 40 53 48
0x00007ffe0edf8ee3:   83 ec 20 48 8b d9 84 d2 74 1b 48 8b 01 ff 50 60
0x00007ffe0edf8ef3:   84 c0 75 23 83 4b 30 02 48 8b cb 48 83 c4 20 5b
0x00007ffe0edf8f03:   e9 28 7c 39 00 8b 49 30 8b c1 c1 e8 02 a8 01 75
0x00007ffe0edf8f13:   06 83 e1 fd 89 4b 30 48 83 c4 20 5b c3 48 89 5c
0x00007ffe0edf8f23:   24 08 57 48 83 ec 20 4c 8b 51 20 49 8b f8 44 8b
0x00007ffe0edf8f33:   da 48 8b d9 4d 85 d2 74 1d 41 83 3a 00 74 17 41
0x00007ffe0edf8f43:   0f b7 42 06 45 0f b7 4a 04 c1 e0 10 41 0b c1 99
0x00007ffe0edf8f53:   2b c2 d1 f8 eb 02 33 c0 44 3b d8 74 40 41 8b d3
0x00007ffe0edf8f63:   2b d0 43 8d 04 1b 48 63 c8 45 0f b7 4c 4a 02 41
0x00007ffe0edf8f73:   0f b7 04 4a 48 8b cb 41 c1 e1 10 44 0b c8 49 63
0x00007ffe0edf8f83:   c1 45 0f b7 44 42 06 41 83 c0 02 45 8d 04 50 45
0x00007ffe0edf8f93:   2b 02 45 03 c1 4c 8b cf e8 70 f0 ff ff 48 8b 5c
0x00007ffe0edf8fa3:   24 30 48 83 c4 20 5f c3 cc cc cc cc cc 48 63 c2
0x00007ffe0edf8fb3:   0f b7 44 c1 42 c3 cc cc cc cc cc cc cc 48 8b 41
0x00007ffe0edf8fc3:   18 48 8b 08 8b 01 8d 04 85 04 00 00 00 c3 cc cc
0x00007ffe0edf8fd3:   cc cc cc cc cc cc cc cc cc cc cc cc cc 48 8b 41
0x00007ffe0edf8fe3:   18 48 8b 08 8b 11 33 c9 c1 ea 10 83 fa 02 8d 42
0x00007ffe0edf8ff3:   fe 0f 46 c1 83 c0 08 48 98 48 83 c0 07 48 c1 e8
0x00007ffe0edf9003:   03 c3 cc cc cc cc cc cc cc cc cc cc cc 48 8b 41
0x00007ffe0edf9013:   18 48 8b 08 33 c0 8b 11 ff ca 85 d2 0f 4f c2 48
0x00007ffe0edf9023:   98 48 8d 04 45 0f 00 00 00 48 c1 e8 03 c3 cc cc
0x00007ffe0edf9033:   cc cc cc cc cc cc cc cc cc cc cc cc cc 8b 41 34
0x00007ffe0edf9043:   83 c0 08 c3 cc cc cc cc cc cc cc cc cc 48 89 6c
0x00007ffe0edf9053:   24 10 48 89 74 24 18 48 89 7c 24 20 41 56 48 83
0x00007ffe0edf9063:   ec 20 48 8b 01 48 8b f1 4d 8b f1 49 63 f8 48 63
0x00007ffe0edf9073:   ea 4c 8b 50 10 49 8b 4a 10 48 85 c9 75 05 45 33
0x00007ffe0edf9083:   d2 eb 09 ff 15 7c df 7a 00 4c 8b d0 80 3d 4a 70
0x00007ffe0edf9093:   83 00 00 ba 18 00 00 00 8d 42 f8 74 10 80 3d 3a
0x00007ffe0edf90a3:   70 83 00 00 0f 45 d0 48 8d 14 ba eb 0f 80 3d 2a 


Stack slot to memory mapping:
stack at sp + 0 slots: 0x00007ffe0eedeefd jvm.dll
stack at sp + 1 slots: 0x0000001fe88feac0 is pointing into the stack for thread: 0x000001dffa249800
stack at sp + 2 slots: 0x00007ffe0eee2c53 jvm.dll
stack at sp + 3 slots: 0x0000000000000004 is an unknown value
stack at sp + 4 slots: 0x00007ffe0f17ec3e jvm.dll
stack at sp + 5 slots: 0x0000001f00000000 is an unknown value
stack at sp + 6 slots: 0x00007ffe0eee2f97 jvm.dll
stack at sp + 7 slots: 0x0000001fe88feb50 is pointing into the stack for thread: 0x000001dffa249800


---------------  P R O C E S S  ---------------

Threads class SMR info:
_java_thread_list=0x000001dffa375840, length=14, elements={
0x000001dfe972b000, 0x000001dff9764000, 0x000001dff9765000, 0x000001dff977d000,
0x000001dff9780000, 0x000001dff978b000, 0x000001dff979a800, 0x000001dff9790800,
0x000001dffa0b2800, 0x000001dffa0b5000, 0x000001dffa249800, 0x000001dffa276800,
0x000001dffa277800, 0x000001dffa0b3800
}

Java Threads: ( => current thread )
  0x000001dfe972b000 JavaThread "main" [_thread_blocked, id=10384, stack(0x0000001fe7700000,0x0000001fe7800000)]
  0x000001dff9764000 JavaThread "Reference Handler" daemon [_thread_blocked, id=7260, stack(0x0000001fe7e00000,0x0000001fe7f00000)]
  0x000001dff9765000 JavaThread "Finalizer" daemon [_thread_blocked, id=2284, stack(0x0000001fe7f00000,0x0000001fe8000000)]
  0x000001dff977d000 JavaThread "Signal Dispatcher" daemon [_thread_blocked, id=9760, stack(0x0000001fe8000000,0x0000001fe8100000)]
  0x000001dff9780000 JavaThread "Attach Listener" daemon [_thread_blocked, id=10852, stack(0x0000001fe8100000,0x0000001fe8200000)]
  0x000001dff978b000 JavaThread "Service Thread" daemon [_thread_blocked, id=11312, stack(0x0000001fe8200000,0x0000001fe8300000)]
  0x000001dff979a800 JavaThread "C2 CompilerThread0" daemon [_thread_blocked, id=2784, stack(0x0000001fe8300000,0x0000001fe8400000)]
  0x000001dff9790800 JavaThread "C1 CompilerThread0" daemon [_thread_blocked, id=19420, stack(0x0000001fe8400000,0x0000001fe8500000)]
  0x000001dffa0b2800 JavaThread "Sweeper thread" daemon [_thread_blocked, id=21280, stack(0x0000001fe8500000,0x0000001fe8600000)]
  0x000001dffa0b5000 JavaThread "Common-Cleaner" daemon [_thread_blocked, id=12652, stack(0x0000001fe8600000,0x0000001fe8700000)]
=>0x000001dffa249800 JavaThread "JDWP Transport Listener: dt_socket" daemon [_thread_in_vm, id=10456, stack(0x0000001fe8800000,0x0000001fe8900000)]
  0x000001dffa276800 JavaThread "JDWP Event Helper Thread" daemon [_thread_blocked, id=672, stack(0x0000001fe8900000,0x0000001fe8a00000)]
  0x000001dffa277800 JavaThread "JDWP Command Reader" daemon [_thread_in_native, id=15388, stack(0x0000001fe8a00000,0x0000001fe8b00000)]
  0x000001dffa0b3800 JavaThread "Notification Thread" daemon [_thread_blocked, id=14404, stack(0x0000001fe8b00000,0x0000001fe8c00000)]

Other Threads:
  0x000001dff9762000 VMThread "VM Thread" [stack: 0x0000001fe7d00000,0x0000001fe7e00000] [id=9856]
  0x000001dffa3b2800 WatcherThread [stack: 0x0000001fe8c00000,0x0000001fe8d00000] [id=15788]
  0x000001dfe976d800 GCTaskThread "GC Thread#0" [stack: 0x0000001fe7800000,0x0000001fe7900000] [id=2548]
  0x000001dfe977f000 ConcurrentGCThread "G1 Main Marker" [stack: 0x0000001fe7900000,0x0000001fe7a00000] [id=6056]
  0x000001dfe9781000 ConcurrentGCThread "G1 Conc#0" [stack: 0x0000001fe7a00000,0x0000001fe7b00000] [id=1136]
  0x000001dff95d3800 ConcurrentGCThread "G1 Refine#0" [stack: 0x0000001fe7b00000,0x0000001fe7c00000] [id=8372]
  0x000001dff95d6000 ConcurrentGCThread "G1 Young RemSet Sampling" [stack: 0x0000001fe7c00000,0x0000001fe7d00000] [id=5384]

Threads with active compile tasks:

VM state:not at safepoint (normal execution)

VM Mutex/Monitor currently owned by a thread: None

Heap address: 0x0000000081e00000, size: 2018 MB, Compressed Oops mode: 32-bit
Narrow klass base: 0x0000000800000000, Narrow klass shift: 3
Compressed class space size: 1073741824 Address: 0x0000000800b30000

Heap:
 garbage-first heap   total 131072K, used 5120K [0x0000000081e00000, 0x0000000100000000)
  region size 1024K, 6 young (6144K), 0 survivors (0K)
 Metaspace       used 2941K, capacity 4983K, committed 5120K, reserved 1056768K
  class space    used 284K, capacity 467K, committed 512K, reserved 1048576K
Heap Regions: E=young(eden), S=young(survivor), O=old, HS=humongous(starts), HC=humongous(continues), CS=collection set, F=free, OA=open archive, CA=closed archive, TAMS=top-at-mark-start (previous, next)
|   0|0x0000000081e00000, 0x0000000081e00000, 0x0000000081f00000|  0%| F|  |TAMS 0x0000000081e00000, 0x0000000081e00000| Untracked 
|   1|0x0000000081f00000, 0x0000000081f00000, 0x0000000082000000|  0%| F|  |TAMS 0x0000000081f00000, 0x0000000081f00000| Untracked 
|   2|0x0000000082000000, 0x0000000082000000, 0x0000000082100000|  0%| F|  |TAMS 0x0000000082000000, 0x0000000082000000| Untracked 
|   3|0x0000000082100000, 0x0000000082100000, 0x0000000082200000|  0%| F|  |TAMS 0x0000000082100000, 0x0000000082100000| Untracked 
|   4|0x0000000082200000, 0x0000000082200000, 0x0000000082300000|  0%| F|  |TAMS 0x0000000082200000, 0x0000000082200000| Untracked 
|   5|0x0000000082300000, 0x0000000082300000, 0x0000000082400000|  0%| F|  |TAMS 0x0000000082300000, 0x0000000082300000| Untracked 
|   6|0x0000000082400000, 0x0000000082400000, 0x0000000082500000|  0%| F|  |TAMS 0x0000000082400000, 0x0000000082400000| Untracked 
|   7|0x0000000082500000, 0x0000000082500000, 0x0000000082600000|  0%| F|  |TAMS 0x0000000082500000, 0x0000000082500000| Untracked 
|   8|0x0000000082600000, 0x0000000082600000, 0x0000000082700000|  0%| F|  |TAMS 0x0000000082600000, 0x0000000082600000| Untracked 
|   9|0x0000000082700000, 0x0000000082700000, 0x0000000082800000|  0%| F|  |TAMS 0x0000000082700000, 0x0000000082700000| Untracked 
|  10|0x0000000082800000, 0x0000000082800000, 0x0000000082900000|  0%| F|  |TAMS 0x0000000082800000, 0x0000000082800000| Untracked 
|  11|0x0000000082900000, 0x0000000082900000, 0x0000000082a00000|  0%| F|  |TAMS 0x0000000082900000, 0x0000000082900000| Untracked 
|  12|0x0000000082a00000, 0x0000000082a00000, 0x0000000082b00000|  0%| F|  |TAMS 0x0000000082a00000, 0x0000000082a00000| Untracked 
|  13|0x0000000082b00000, 0x0000000082b00000, 0x0000000082c00000|  0%| F|  |TAMS 0x0000000082b00000, 0x0000000082b00000| Untracked 
|  14|0x0000000082c00000, 0x0000000082c00000, 0x0000000082d00000|  0%| F|  |TAMS 0x0000000082c00000, 0x0000000082c00000| Untracked 
|  15|0x0000000082d00000, 0x0000000082d00000, 0x0000000082e00000|  0%| F|  |TAMS 0x0000000082d00000, 0x0000000082d00000| Untracked 
|  16|0x0000000082e00000, 0x0000000082e00000, 0x0000000082f00000|  0%| F|  |TAMS 0x0000000082e00000, 0x0000000082e00000| Untracked 
|  17|0x0000000082f00000, 0x0000000082f00000, 0x0000000083000000|  0%| F|  |TAMS 0x0000000082f00000, 0x0000000082f00000| Untracked 
|  18|0x0000000083000000, 0x0000000083000000, 0x0000000083100000|  0%| F|  |TAMS 0x0000000083000000, 0x0000000083000000| Untracked 
|  19|0x0000000083100000, 0x0000000083100000, 0x0000000083200000|  0%| F|  |TAMS 0x0000000083100000, 0x0000000083100000| Untracked 
|  20|0x0000000083200000, 0x0000000083200000, 0x0000000083300000|  0%| F|  |TAMS 0x0000000083200000, 0x0000000083200000| Untracked 
|  21|0x0000000083300000, 0x0000000083300000, 0x0000000083400000|  0%| F|  |TAMS 0x0000000083300000, 0x0000000083300000| Untracked 
|  22|0x0000000083400000, 0x0000000083400000, 0x0000000083500000|  0%| F|  |TAMS 0x0000000083400000, 0x0000000083400000| Untracked 
|  23|0x0000000083500000, 0x0000000083500000, 0x0000000083600000|  0%| F|  |TAMS 0x0000000083500000, 0x0000000083500000| Untracked 
|  24|0x0000000083600000, 0x0000000083600000, 0x0000000083700000|  0%| F|  |TAMS 0x0000000083600000, 0x0000000083600000| Untracked 
|  25|0x0000000083700000, 0x0000000083700000, 0x0000000083800000|  0%| F|  |TAMS 0x0000000083700000, 0x0000000083700000| Untracked 
|  26|0x0000000083800000, 0x0000000083800000, 0x0000000083900000|  0%| F|  |TAMS 0x0000000083800000, 0x0000000083800000| Untracked 
|  27|0x0000000083900000, 0x0000000083900000, 0x0000000083a00000|  0%| F|  |TAMS 0x0000000083900000, 0x0000000083900000| Untracked 
|  28|0x0000000083a00000, 0x0000000083a00000, 0x0000000083b00000|  0%| F|  |TAMS 0x0000000083a00000, 0x0000000083a00000| Untracked 
|  29|0x0000000083b00000, 0x0000000083b00000, 0x0000000083c00000|  0%| F|  |TAMS 0x0000000083b00000, 0x0000000083b00000| Untracked 
|  30|0x0000000083c00000, 0x0000000083c00000, 0x0000000083d00000|  0%| F|  |TAMS 0x0000000083c00000, 0x0000000083c00000| Untracked 
|  31|0x0000000083d00000, 0x0000000083d00000, 0x0000000083e00000|  0%| F|  |TAMS 0x0000000083d00000, 0x0000000083d00000| Untracked 
|  32|0x0000000083e00000, 0x0000000083e00000, 0x0000000083f00000|  0%| F|  |TAMS 0x0000000083e00000, 0x0000000083e00000| Untracked 
|  33|0x0000000083f00000, 0x0000000083f00000, 0x0000000084000000|  0%| F|  |TAMS 0x0000000083f00000, 0x0000000083f00000| Untracked 
|  34|0x0000000084000000, 0x0000000084000000, 0x0000000084100000|  0%| F|  |TAMS 0x0000000084000000, 0x0000000084000000| Untracked 
|  35|0x0000000084100000, 0x0000000084100000, 0x0000000084200000|  0%| F|  |TAMS 0x0000000084100000, 0x0000000084100000| Untracked 
|  36|0x0000000084200000, 0x0000000084200000, 0x0000000084300000|  0%| F|  |TAMS 0x0000000084200000, 0x0000000084200000| Untracked 
|  37|0x0000000084300000, 0x0000000084300000, 0x0000000084400000|  0%| F|  |TAMS 0x0000000084300000, 0x0000000084300000| Untracked 
|  38|0x0000000084400000, 0x0000000084400000, 0x0000000084500000|  0%| F|  |TAMS 0x0000000084400000, 0x0000000084400000| Untracked 
|  39|0x0000000084500000, 0x0000000084500000, 0x0000000084600000|  0%| F|  |TAMS 0x0000000084500000, 0x0000000084500000| Untracked 
|  40|0x0000000084600000, 0x0000000084600000, 0x0000000084700000|  0%| F|  |TAMS 0x0000000084600000, 0x0000000084600000| Untracked 
|  41|0x0000000084700000, 0x0000000084700000, 0x0000000084800000|  0%| F|  |TAMS 0x0000000084700000, 0x0000000084700000| Untracked 
|  42|0x0000000084800000, 0x0000000084800000, 0x0000000084900000|  0%| F|  |TAMS 0x0000000084800000, 0x0000000084800000| Untracked 
|  43|0x0000000084900000, 0x0000000084900000, 0x0000000084a00000|  0%| F|  |TAMS 0x0000000084900000, 0x0000000084900000| Untracked 
|  44|0x0000000084a00000, 0x0000000084a00000, 0x0000000084b00000|  0%| F|  |TAMS 0x0000000084a00000, 0x0000000084a00000| Untracked 
|  45|0x0000000084b00000, 0x0000000084b00000, 0x0000000084c00000|  0%| F|  |TAMS 0x0000000084b00000, 0x0000000084b00000| Untracked 
|  46|0x0000000084c00000, 0x0000000084c00000, 0x0000000084d00000|  0%| F|  |TAMS 0x0000000084c00000, 0x0000000084c00000| Untracked 
|  47|0x0000000084d00000, 0x0000000084d00000, 0x0000000084e00000|  0%| F|  |TAMS 0x0000000084d00000, 0x0000000084d00000| Untracked 
|  48|0x0000000084e00000, 0x0000000084e00000, 0x0000000084f00000|  0%| F|  |TAMS 0x0000000084e00000, 0x0000000084e00000| Untracked 
|  49|0x0000000084f00000, 0x0000000084f00000, 0x0000000085000000|  0%| F|  |TAMS 0x0000000084f00000, 0x0000000084f00000| Untracked 
|  50|0x0000000085000000, 0x0000000085000000, 0x0000000085100000|  0%| F|  |TAMS 0x0000000085000000, 0x0000000085000000| Untracked 
|  51|0x0000000085100000, 0x0000000085100000, 0x0000000085200000|  0%| F|  |TAMS 0x0000000085100000, 0x0000000085100000| Untracked 
|  52|0x0000000085200000, 0x0000000085200000, 0x0000000085300000|  0%| F|  |TAMS 0x0000000085200000, 0x0000000085200000| Untracked 
|  53|0x0000000085300000, 0x0000000085300000, 0x0000000085400000|  0%| F|  |TAMS 0x0000000085300000, 0x0000000085300000| Untracked 
|  54|0x0000000085400000, 0x0000000085400000, 0x0000000085500000|  0%| F|  |TAMS 0x0000000085400000, 0x0000000085400000| Untracked 
|  55|0x0000000085500000, 0x0000000085500000, 0x0000000085600000|  0%| F|  |TAMS 0x0000000085500000, 0x0000000085500000| Untracked 
|  56|0x0000000085600000, 0x0000000085600000, 0x0000000085700000|  0%| F|  |TAMS 0x0000000085600000, 0x0000000085600000| Untracked 
|  57|0x0000000085700000, 0x0000000085700000, 0x0000000085800000|  0%| F|  |TAMS 0x0000000085700000, 0x0000000085700000| Untracked 
|  58|0x0000000085800000, 0x0000000085800000, 0x0000000085900000|  0%| F|  |TAMS 0x0000000085800000, 0x0000000085800000| Untracked 
|  59|0x0000000085900000, 0x0000000085900000, 0x0000000085a00000|  0%| F|  |TAMS 0x0000000085900000, 0x0000000085900000| Untracked 
|  60|0x0000000085a00000, 0x0000000085a00000, 0x0000000085b00000|  0%| F|  |TAMS 0x0000000085a00000, 0x0000000085a00000| Untracked 
|  61|0x0000000085b00000, 0x0000000085b00000, 0x0000000085c00000|  0%| F|  |TAMS 0x0000000085b00000, 0x0000000085b00000| Untracked 
|  62|0x0000000085c00000, 0x0000000085c00000, 0x0000000085d00000|  0%| F|  |TAMS 0x0000000085c00000, 0x0000000085c00000| Untracked 
|  63|0x0000000085d00000, 0x0000000085d00000, 0x0000000085e00000|  0%| F|  |TAMS 0x0000000085d00000, 0x0000000085d00000| Untracked 
|  64|0x0000000085e00000, 0x0000000085e00000, 0x0000000085f00000|  0%| F|  |TAMS 0x0000000085e00000, 0x0000000085e00000| Untracked 
|  65|0x0000000085f00000, 0x0000000085f00000, 0x0000000086000000|  0%| F|  |TAMS 0x0000000085f00000, 0x0000000085f00000| Untracked 
|  66|0x0000000086000000, 0x0000000086000000, 0x0000000086100000|  0%| F|  |TAMS 0x0000000086000000, 0x0000000086000000| Untracked 
|  67|0x0000000086100000, 0x0000000086100000, 0x0000000086200000|  0%| F|  |TAMS 0x0000000086100000, 0x0000000086100000| Untracked 
|  68|0x0000000086200000, 0x0000000086200000, 0x0000000086300000|  0%| F|  |TAMS 0x0000000086200000, 0x0000000086200000| Untracked 
|  69|0x0000000086300000, 0x0000000086300000, 0x0000000086400000|  0%| F|  |TAMS 0x0000000086300000, 0x0000000086300000| Untracked 
|  70|0x0000000086400000, 0x0000000086400000, 0x0000000086500000|  0%| F|  |TAMS 0x0000000086400000, 0x0000000086400000| Untracked 
|  71|0x0000000086500000, 0x0000000086500000, 0x0000000086600000|  0%| F|  |TAMS 0x0000000086500000, 0x0000000086500000| Untracked 
|  72|0x0000000086600000, 0x0000000086600000, 0x0000000086700000|  0%| F|  |TAMS 0x0000000086600000, 0x0000000086600000| Untracked 
|  73|0x0000000086700000, 0x0000000086700000, 0x0000000086800000|  0%| F|  |TAMS 0x0000000086700000, 0x0000000086700000| Untracked 
|  74|0x0000000086800000, 0x0000000086800000, 0x0000000086900000|  0%| F|  |TAMS 0x0000000086800000, 0x0000000086800000| Untracked 
|  75|0x0000000086900000, 0x0000000086900000, 0x0000000086a00000|  0%| F|  |TAMS 0x0000000086900000, 0x0000000086900000| Untracked 
|  76|0x0000000086a00000, 0x0000000086a00000, 0x0000000086b00000|  0%| F|  |TAMS 0x0000000086a00000, 0x0000000086a00000| Untracked 
|  77|0x0000000086b00000, 0x0000000086b00000, 0x0000000086c00000|  0%| F|  |TAMS 0x0000000086b00000, 0x0000000086b00000| Untracked 
|  78|0x0000000086c00000, 0x0000000086c00000, 0x0000000086d00000|  0%| F|  |TAMS 0x0000000086c00000, 0x0000000086c00000| Untracked 
|  79|0x0000000086d00000, 0x0000000086d00000, 0x0000000086e00000|  0%| F|  |TAMS 0x0000000086d00000, 0x0000000086d00000| Untracked 
|  80|0x0000000086e00000, 0x0000000086e00000, 0x0000000086f00000|  0%| F|  |TAMS 0x0000000086e00000, 0x0000000086e00000| Untracked 
|  81|0x0000000086f00000, 0x0000000086f00000, 0x0000000087000000|  0%| F|  |TAMS 0x0000000086f00000, 0x0000000086f00000| Untracked 
|  82|0x0000000087000000, 0x0000000087000000, 0x0000000087100000|  0%| F|  |TAMS 0x0000000087000000, 0x0000000087000000| Untracked 
|  83|0x0000000087100000, 0x0000000087100000, 0x0000000087200000|  0%| F|  |TAMS 0x0000000087100000, 0x0000000087100000| Untracked 
|  84|0x0000000087200000, 0x0000000087200000, 0x0000000087300000|  0%| F|  |TAMS 0x0000000087200000, 0x0000000087200000| Untracked 
|  85|0x0000000087300000, 0x0000000087300000, 0x0000000087400000|  0%| F|  |TAMS 0x0000000087300000, 0x0000000087300000| Untracked 
|  86|0x0000000087400000, 0x0000000087400000, 0x0000000087500000|  0%| F|  |TAMS 0x0000000087400000, 0x0000000087400000| Untracked 
|  87|0x0000000087500000, 0x0000000087500000, 0x0000000087600000|  0%| F|  |TAMS 0x0000000087500000, 0x0000000087500000| Untracked 
|  88|0x0000000087600000, 0x0000000087600000, 0x0000000087700000|  0%| F|  |TAMS 0x0000000087600000, 0x0000000087600000| Untracked 
|  89|0x0000000087700000, 0x0000000087700000, 0x0000000087800000|  0%| F|  |TAMS 0x0000000087700000, 0x0000000087700000| Untracked 
|  90|0x0000000087800000, 0x0000000087800000, 0x0000000087900000|  0%| F|  |TAMS 0x0000000087800000, 0x0000000087800000| Untracked 
|  91|0x0000000087900000, 0x0000000087900000, 0x0000000087a00000|  0%| F|  |TAMS 0x0000000087900000, 0x0000000087900000| Untracked 
|  92|0x0000000087a00000, 0x0000000087a00000, 0x0000000087b00000|  0%| F|  |TAMS 0x0000000087a00000, 0x0000000087a00000| Untracked 
|  93|0x0000000087b00000, 0x0000000087b00000, 0x0000000087c00000|  0%| F|  |TAMS 0x0000000087b00000, 0x0000000087b00000| Untracked 
|  94|0x0000000087c00000, 0x0000000087c00000, 0x0000000087d00000|  0%| F|  |TAMS 0x0000000087c00000, 0x0000000087c00000| Untracked 
|  95|0x0000000087d00000, 0x0000000087d00000, 0x0000000087e00000|  0%| F|  |TAMS 0x0000000087d00000, 0x0000000087d00000| Untracked 
|  96|0x0000000087e00000, 0x0000000087e00000, 0x0000000087f00000|  0%| F|  |TAMS 0x0000000087e00000, 0x0000000087e00000| Untracked 
|  97|0x0000000087f00000, 0x0000000087f00000, 0x0000000088000000|  0%| F|  |TAMS 0x0000000087f00000, 0x0000000087f00000| Untracked 
|  98|0x0000000088000000, 0x0000000088000000, 0x0000000088100000|  0%| F|  |TAMS 0x0000000088000000, 0x0000000088000000| Untracked 
|  99|0x0000000088100000, 0x0000000088100000, 0x0000000088200000|  0%| F|  |TAMS 0x0000000088100000, 0x0000000088100000| Untracked 
| 100|0x0000000088200000, 0x0000000088200000, 0x0000000088300000|  0%| F|  |TAMS 0x0000000088200000, 0x0000000088200000| Untracked 
| 101|0x0000000088300000, 0x0000000088300000, 0x0000000088400000|  0%| F|  |TAMS 0x0000000088300000, 0x0000000088300000| Untracked 
| 102|0x0000000088400000, 0x0000000088400000, 0x0000000088500000|  0%| F|  |TAMS 0x0000000088400000, 0x0000000088400000| Untracked 
| 103|0x0000000088500000, 0x0000000088500000, 0x0000000088600000|  0%| F|  |TAMS 0x0000000088500000, 0x0000000088500000| Untracked 
| 104|0x0000000088600000, 0x0000000088600000, 0x0000000088700000|  0%| F|  |TAMS 0x0000000088600000, 0x0000000088600000| Untracked 
| 105|0x0000000088700000, 0x0000000088700000, 0x0000000088800000|  0%| F|  |TAMS 0x0000000088700000, 0x0000000088700000| Untracked 
| 106|0x0000000088800000, 0x0000000088800000, 0x0000000088900000|  0%| F|  |TAMS 0x0000000088800000, 0x0000000088800000| Untracked 
| 107|0x0000000088900000, 0x0000000088900000, 0x0000000088a00000|  0%| F|  |TAMS 0x0000000088900000, 0x0000000088900000| Untracked 
| 108|0x0000000088a00000, 0x0000000088a00000, 0x0000000088b00000|  0%| F|  |TAMS 0x0000000088a00000, 0x0000000088a00000| Untracked 
| 109|0x0000000088b00000, 0x0000000088b00000, 0x0000000088c00000|  0%| F|  |TAMS 0x0000000088b00000, 0x0000000088b00000| Untracked 
| 110|0x0000000088c00000, 0x0000000088c00000, 0x0000000088d00000|  0%| F|  |TAMS 0x0000000088c00000, 0x0000000088c00000| Untracked 
| 111|0x0000000088d00000, 0x0000000088d00000, 0x0000000088e00000|  0%| F|  |TAMS 0x0000000088d00000, 0x0000000088d00000| Untracked 
| 112|0x0000000088e00000, 0x0000000088e00000, 0x0000000088f00000|  0%| F|  |TAMS 0x0000000088e00000, 0x0000000088e00000| Untracked 
| 113|0x0000000088f00000, 0x0000000088f00000, 0x0000000089000000|  0%| F|  |TAMS 0x0000000088f00000, 0x0000000088f00000| Untracked 
| 114|0x0000000089000000, 0x0000000089000000, 0x0000000089100000|  0%| F|  |TAMS 0x0000000089000000, 0x0000000089000000| Untracked 
| 115|0x0000000089100000, 0x0000000089100000, 0x0000000089200000|  0%| F|  |TAMS 0x0000000089100000, 0x0000000089100000| Untracked 
| 116|0x0000000089200000, 0x0000000089200000, 0x0000000089300000|  0%| F|  |TAMS 0x0000000089200000, 0x0000000089200000| Untracked 
| 117|0x0000000089300000, 0x0000000089300000, 0x0000000089400000|  0%| F|  |TAMS 0x0000000089300000, 0x0000000089300000| Untracked 
| 118|0x0000000089400000, 0x0000000089400000, 0x0000000089500000|  0%| F|  |TAMS 0x0000000089400000, 0x0000000089400000| Untracked 
| 119|0x0000000089500000, 0x0000000089500000, 0x0000000089600000|  0%| F|  |TAMS 0x0000000089500000, 0x0000000089500000| Untracked 
| 120|0x0000000089600000, 0x0000000089600000, 0x0000000089700000|  0%| F|  |TAMS 0x0000000089600000, 0x0000000089600000| Untracked 
| 121|0x0000000089700000, 0x0000000089700000, 0x0000000089800000|  0%| F|  |TAMS 0x0000000089700000, 0x0000000089700000| Untracked 
| 122|0x0000000089800000, 0x00000000898ee6f0, 0x0000000089900000| 93%| E|  |TAMS 0x0000000089800000, 0x0000000089800000| Complete 
| 123|0x0000000089900000, 0x0000000089a00000, 0x0000000089a00000|100%| E|CS|TAMS 0x0000000089900000, 0x0000000089900000| Complete 
| 124|0x0000000089a00000, 0x0000000089b00000, 0x0000000089b00000|100%| E|CS|TAMS 0x0000000089a00000, 0x0000000089a00000| Complete 
| 125|0x0000000089b00000, 0x0000000089c00000, 0x0000000089c00000|100%| E|CS|TAMS 0x0000000089b00000, 0x0000000089b00000| Complete 
| 126|0x0000000089c00000, 0x0000000089d00000, 0x0000000089d00000|100%| E|CS|TAMS 0x0000000089c00000, 0x0000000089c00000| Complete 
| 127|0x0000000089d00000, 0x0000000089e00000, 0x0000000089e00000|100%| E|CS|TAMS 0x0000000089d00000, 0x0000000089d00000| Complete 

Card table byte_map: [0x000001dff2600000,0x000001dff2a00000] _byte_map_base: 0x000001dff21f1000

Marking Bits (Prev, Next): (CMBitMap*) 0x000001dfe976e858, (CMBitMap*) 0x000001dfe976e898
 Prev Bits: [0x000001dff2e00000, 0x000001dff4d88000)
 Next Bits: [0x000001dff4d90000, 0x000001dff6d18000)

Polling page: 0x000001dfe76a0000

Metaspace:

Usage:
  Non-class:      4.41 MB capacity,     2.59 MB ( 59%) used,     1.81 MB ( 41%) free+waste,     5.31 KB ( <1%) overhead. 
      Class:    467.00 KB capacity,   284.89 KB ( 61%) used,   179.17 KB ( 38%) free+waste,     2.94 KB ( <1%) overhead. 
       Both:      4.87 MB capacity,     2.87 MB ( 59%) used,     1.99 MB ( 41%) free+waste,     8.25 KB ( <1%) overhead. 

Virtual space:
  Non-class space:        8.00 MB reserved,       4.50 MB ( 56%) committed 
      Class space:        1.00 GB reserved,     512.00 KB ( <1%) committed 
             Both:        1.01 GB reserved,       5.00 MB ( <1%) committed 

Chunk freelists:
   Non-Class:  28.00 KB
       Class:  0 bytes
        Both:  28.00 KB

MaxMetaspaceSize: 17179869184.00 GB
CompressedClassSpaceSize: 1.00 GB

CodeHeap 'non-profiled nmethods': size=120000Kb used=152Kb max_used=152Kb free=119847Kb
 bounds [0x000001df87ad0000, 0x000001df87d40000, 0x000001df8f000000]
CodeHeap 'profiled nmethods': size=120000Kb used=623Kb max_used=623Kb free=119376Kb
 bounds [0x000001df805a0000, 0x000001df80810000, 0x000001df87ad0000]
CodeHeap 'non-nmethods': size=5760Kb used=1233Kb max_used=1247Kb free=4526Kb
 bounds [0x000001df80000000, 0x000001df80270000, 0x000001df805a0000]
 total_blobs=1244 nmethods=451 adapters=310
 compilation: enabled
              stopped_count=0, restarted_count=0
 full_count=0

Compilation events (20 events):
Event: 0.852 Thread 0x000001dff9790800 nmethod 444 0x000001df80637790 code [0x000001df80637a00, 0x000001df80638368]
Event: 0.853 Thread 0x000001dff9790800  445       3       jdk.internal.org.objectweb.asm.ByteVector::putInt (74 bytes)
Event: 0.853 Thread 0x000001dff9790800 nmethod 445 0x000001df80638710 code [0x000001df806388c0, 0x000001df80638b48]
Event: 0.888 Thread 0x000001dff979a800 nmethod 442 0x000001df87af4a10 code [0x000001df87af4c40, 0x000001df87af5a38]
Event: 0.888 Thread 0x000001dff979a800  446       4       java.lang.StringUTF16::getChar (60 bytes)
Event: 0.889 Thread 0x000001dff979a800 nmethod 446 0x000001df87af5d90 code [0x000001df87af5f40, 0x000001df87af6098]
Event: 267.292 Thread 0x000001dff9790800  447       3       org.eclipse.jdt.launching.internal.org.objectweb.asm.SymbolTable::addConstantUtf8 (98 bytes)
Event: 267.295 Thread 0x000001dff9790800 nmethod 447 0x000001df80638d10 code [0x000001df80638f40, 0x000001df80639618]
Event: 994.371 Thread 0x000001dff9790800  448       3       java.util.ArrayList::<init> (12 bytes)
Event: 994.372 Thread 0x000001dff9790800 nmethod 448 0x000001df80639a10 code [0x000001df80639bc0, 0x000001df80639e78]
Event: 994.373 Thread 0x000001dff9790800  449       3       org.eclipse.jdt.launching.internal.org.objectweb.asm.ClassReader::readUTF8 (23 bytes)
Event: 994.373 Thread 0x000001dff9790800 nmethod 449 0x000001df80639f90 code [0x000001df8063a140, 0x000001df8063a408]
Event: 994.373 Thread 0x000001dff9790800  450       3       org.eclipse.jdt.launching.internal.org.objectweb.asm.ClassReader::readUtf (44 bytes)
Event: 994.376 Thread 0x000001dff9790800 

Event: 994.376 Thread 0x000001dff9790800  452       3       org.eclipse.jdt.launching.internal.org.objectweb.asm.Symbol::<init> (38 bytes)
Event: 994.376 Thread 0x000001dff9790800 nmethod 452 0x000001df8063a590 code [0x000001df8063a740, 0x000001df8063a9f8]
Event: 994.376 Thread 0x000001dff9790800  453       3       org.eclipse.jdt.launching.internal.org.objectweb.asm.SymbolTable::put (150 bytes)
Event: 994.377 Thread 0x000001dff9790800 nmethod 453 0x000001df8063ab10 code [0x000001df8063ad00, 0x000001df8063b5f8]
Event: 994.377 Thread 0x000001dff9790800  451       3       org.eclipse.jdt.launching.internal.org.objectweb.asm.ByteVector::put12 (64 bytes)
Event: 994.377 Thread 0x000001dff9790800 nmethod 451 0x000001df8063b910 code [0x000001df8063bac0, 0x000001df8063bd08]

GC Heap History (0 events):
No events

Deoptimization events (20 events):
Event: 0.720 Thread 0x000001dfe972b000 DEOPT PACKING pc=0x000001df8060e581 sp=0x0000001fe77f7810
Event: 0.720 Thread 0x000001dfe972b000 DEOPT UNPACKING pc=0x000001df8004964e sp=0x0000001fe77f6cd8 mode 0
Event: 0.720 Thread 0x000001dfe972b000 DEOPT PACKING pc=0x000001df8060e581 sp=0x0000001fe77f7810
Event: 0.720 Thread 0x000001dfe972b000 DEOPT UNPACKING pc=0x000001df8004964e sp=0x0000001fe77f6cd8 mode 0
Event: 0.721 Thread 0x000001dfe972b000 DEOPT PACKING pc=0x000001df8060e34c sp=0x0000001fe77f7810
Event: 0.721 Thread 0x000001dfe972b000 DEOPT UNPACKING pc=0x000001df8004964e sp=0x0000001fe77f6cd8 mode 0
Event: 0.721 Thread 0x000001dfe972b000 DEOPT PACKING pc=0x000001df8060e34c sp=0x0000001fe77f7810
Event: 0.721 Thread 0x000001dfe972b000 DEOPT UNPACKING pc=0x000001df8004964e sp=0x0000001fe77f6cd8 mode 0
Event: 0.724 Thread 0x000001dfe972b000 DEOPT PACKING pc=0x000001df8060e34c sp=0x0000001fe77fb2e0
Event: 0.724 Thread 0x000001dfe972b000 DEOPT UNPACKING pc=0x000001df8004964e sp=0x0000001fe77fa7a8 mode 0
Event: 0.725 Thread 0x000001dfe972b000 DEOPT PACKING pc=0x000001df8060e581 sp=0x0000001fe77fb2e0
Event: 0.725 Thread 0x000001dfe972b000 DEOPT UNPACKING pc=0x000001df8004964e sp=0x0000001fe77fa7a8 mode 0
Event: 0.847 Thread 0x000001dfe972b000 Uncommon trap: trap_request=0xffffff45 fr.pc=0x000001df87ad7ac4 relative=0x0000000000000284
Event: 0.847 Thread 0x000001dfe972b000 Uncommon trap: reason=unstable_if action=reinterpret pc=0x000001df87ad7ac4 method=java.lang.String.isLatin1()Z @ 10 c2
Event: 0.847 Thread 0x000001dfe972b000 DEOPT PACKING pc=0x000001df87ad7ac4 sp=0x0000001fe77fc3b0
Event: 0.847 Thread 0x000001dfe972b000 DEOPT UNPACKING pc=0x000001df8004912f sp=0x0000001fe77fc2e0 mode 2
Event: 0.855 Thread 0x000001dfe972b000 Uncommon trap: trap_request=0xffffff45 fr.pc=0x000001df87ae2864 relative=0x0000000000000044
Event: 0.855 Thread 0x000001dfe972b000 Uncommon trap: reason=unstable_if action=reinterpret pc=0x000001df87ae2864 method=java.lang.CharacterData.of(I)Ljava/lang/CharacterData; @ 4 c2
Event: 0.855 Thread 0x000001dfe972b000 DEOPT PACKING pc=0x000001df87ae2864 sp=0x0000001fe77fe620
Event: 0.855 Thread 0x000001dfe972b000 DEOPT UNPACKING pc=0x000001df8004912f sp=0x0000001fe77fe5c0 mode 2

Classes unloaded (0 events):
No events

Classes redefined (2 events):
Event: 267.294 Thread 0x000001dff9762000 redefined class name=com.atmecs.updatedcalc.Evaluation, count=1
Event: 994.374 Thread 0x000001dff9762000 redefined class name=com.atmecs.updatedcalc.Evaluation, count=2

Internal exceptions (1 events):
Event: 0.748 Thread 0x000001dfe972b000 Exception <a 'java/lang/NoSuchMethodError'{0x00000000899a0ef8}: 'int java.lang.invoke.DirectMethodHandle$Holder.invokeSpecialIFC(java.lang.Object, java.lang.Object, int)'> (0x00000000899a0ef8) 
thrown [./open/src/hotspot/share/interpreter/linkResolver.cpp, line 766]

Events (20 events):
Event: 994.372 Executing VM operation: HandshakeOneThread
Event: 994.372 Executing VM operation: HandshakeOneThread done
Event: 994.372 Executing VM operation: HandshakeOneThread
Event: 994.372 Executing VM operation: HandshakeOneThread done
Event: 994.372 Executing VM operation: HandshakeOneThread
Event: 994.373 Executing VM operation: HandshakeOneThread done
Event: 994.373 Executing VM operation: RedefineClasses
Event: 994.376 Executing VM operation: RedefineClasses done
Event: 994.381 Executing VM operation: ChangeBreakpoints
Event: 994.381 Executing VM operation: ChangeBreakpoints done
Event: 994.383 Executing VM operation: GetFrameCount
Event: 994.383 Executing VM operation: GetFrameCount done
Event: 994.383 Executing VM operation: GetStackTrace
Event: 994.383 Executing VM operation: GetStackTrace done
Event: 994.403 Executing VM operation: GetFrameCount
Event: 994.403 Executing VM operation: GetFrameCount done
Event: 994.403 Executing VM operation: GetOwnedMonitorInfo
Event: 994.403 Executing VM operation: GetOwnedMonitorInfo done
Event: 994.403 Executing VM operation: GetCurrentContendedMonitor
Event: 994.404 Executing VM operation: GetCurrentContendedMonitor done


Dynamic libraries:
0x00007ff6ae3b0000 - 0x00007ff6ae3bf000 	C:\Program Files\Java\jdk-14.0.1\bin\javaw.exe
0x00007ffe449a0000 - 0x00007ffe44b90000 	C:\Windows\SYSTEM32\ntdll.dll
0x00007ffe44240000 - 0x00007ffe442f2000 	C:\Windows\System32\KERNEL32.DLL
0x00007ffe42450000 - 0x00007ffe426f3000 	C:\Windows\System32\KERNELBASE.dll
0x00007ffe41f70000 - 0x00007ffe4206a000 	C:\Windows\System32\ucrtbase.dll
0x00007ffe342d0000 - 0x00007ffe342e8000 	C:\Program Files\Java\jdk-14.0.1\bin\jli.dll
0x00007ffe342b0000 - 0x00007ffe342c5000 	C:\Program Files\Java\jdk-14.0.1\bin\VCRUNTIME140.dll
0x00007ffe438c0000 - 0x00007ffe43963000 	C:\Windows\System32\ADVAPI32.dll
0x00007ffe42a20000 - 0x00007ffe42abe000 	C:\Windows\System32\msvcrt.dll
0x00007ffe44890000 - 0x00007ffe44927000 	C:\Windows\System32\sechost.dll
0x00007ffe43450000 - 0x00007ffe43570000 	C:\Windows\System32\RPCRT4.dll
0x00007ffe435e0000 - 0x00007ffe43774000 	C:\Windows\System32\USER32.dll
0x00007ffe41710000 - 0x00007ffe41731000 	C:\Windows\System32\win32u.dll
0x00007ffe42ba0000 - 0x00007ffe42bc6000 	C:\Windows\System32\GDI32.dll
0x00007ffe2e6a0000 - 0x00007ffe2e925000 	C:\Windows\WinSxS\amd64_microsoft.windows.common-controls_6595b64144ccf1df_6.0.18362.592_none_e6c0b1911312be02\COMCTL32.dll
0x00007ffe420f0000 - 0x00007ffe42284000 	C:\Windows\System32\gdi32full.dll
0x00007ffe44550000 - 0x00007ffe44886000 	C:\Windows\System32\combase.dll
0x00007ffe42980000 - 0x00007ffe42a1e000 	C:\Windows\System32\msvcp_win.dll
0x00007ffe42070000 - 0x00007ffe420f0000 	C:\Windows\System32\bcryptPrimitives.dll
0x00007ffe31370000 - 0x00007ffe3137a000 	C:\Windows\SYSTEM32\VERSION.dll
0x00007ffe42be0000 - 0x00007ffe42c0e000 	C:\Windows\System32\IMM32.DLL
0x00007ffe27450000 - 0x00007ffe274eb000 	C:\Program Files\Java\jdk-14.0.1\bin\msvcp140.dll
0x00007ffe0ebf0000 - 0x00007ffe0f70e000 	C:\Program Files\Java\jdk-14.0.1\bin\server\jvm.dll
0x00007ffe42bd0000 - 0x00007ffe42bd8000 	C:\Windows\System32\PSAPI.DLL
0x00007ffe3f460000 - 0x00007ffe3f484000 	C:\Windows\SYSTEM32\WINMM.dll
0x00007ffe3c970000 - 0x00007ffe3c979000 	C:\Windows\SYSTEM32\WSOCK32.dll
0x00007ffe439d0000 - 0x00007ffe43a3f000 	C:\Windows\System32\WS2_32.dll
0x00007ffe3f430000 - 0x00007ffe3f45d000 	C:\Windows\SYSTEM32\WINMMBASE.dll
0x00007ffe42290000 - 0x00007ffe422da000 	C:\Windows\System32\cfgmgr32.dll
0x00007ffe41680000 - 0x00007ffe41691000 	C:\Windows\System32\kernel.appcore.dll
0x00007ffe3ae80000 - 0x00007ffe3ae8a000 	C:\Program Files\Java\jdk-14.0.1\bin\jimage.dll
0x00007ffe30080000 - 0x00007ffe30274000 	C:\Windows\SYSTEM32\DBGHELP.DLL
0x00007ffe2f9d0000 - 0x00007ffe2f9fa000 	C:\Windows\SYSTEM32\dbgcore.DLL
0x00007ffe340b0000 - 0x00007ffe340e8000 	C:\Program Files\Java\jdk-14.0.1\bin\jdwp.dll
0x00007ffe328a0000 - 0x00007ffe328c5000 	C:\Program Files\Java\jdk-14.0.1\bin\java.dll
0x00007ffe39ee0000 - 0x00007ffe39eee000 	C:\Program Files\Java\jdk-14.0.1\bin\instrument.dll
0x00007ffe2e580000 - 0x00007ffe2e596000 	C:\Program Files\Java\jdk-14.0.1\bin\zip.dll
0x00007ffe42c90000 - 0x00007ffe43375000 	C:\Windows\System32\SHELL32.dll
0x00007ffe44190000 - 0x00007ffe44239000 	C:\Windows\System32\shcore.dll
0x00007ffe41740000 - 0x00007ffe41ebf000 	C:\Windows\System32\windows.storage.dll
0x00007ffe41660000 - 0x00007ffe4167f000 	C:\Windows\System32\profapi.dll
0x00007ffe416c0000 - 0x00007ffe4170a000 	C:\Windows\System32\powrprof.dll
0x00007ffe41650000 - 0x00007ffe41660000 	C:\Windows\System32\UMPDC.dll
0x00007ffe43570000 - 0x00007ffe435c2000 	C:\Windows\System32\shlwapi.dll
0x00007ffe422e0000 - 0x00007ffe422f7000 	C:\Windows\System32\cryptsp.dll
0x00007ffe38fb0000 - 0x00007ffe38fbb000 	C:\Program Files\Java\jdk-14.0.1\bin\dt_socket.dll
0x00007ffe40bd0000 - 0x00007ffe40c0a000 	C:\Windows\SYSTEM32\IPHLPAPI.DLL
0x00007ffe40ec0000 - 0x00007ffe40f27000 	C:\Windows\system32\mswsock.dll
0x00007ffe40c20000 - 0x00007ffe40cea000 	C:\Windows\SYSTEM32\DNSAPI.dll
0x00007ffe42b90000 - 0x00007ffe42b98000 	C:\Windows\System32\NSI.dll
0x00007ffe35f60000 - 0x00007ffe35f6a000 	C:\Windows\System32\rasadhlp.dll
0x00007ffe3bc10000 - 0x00007ffe3bc87000 	C:\Windows\System32\fwpuclnt.dll
0x00007ffe428f0000 - 0x00007ffe42916000 	C:\Windows\System32\bcrypt.dll
0x00007ffe2de20000 - 0x00007ffe2de39000 	C:\Program Files\Java\jdk-14.0.1\bin\net.dll
0x00007ffe358d0000 - 0x00007ffe359c0000 	C:\Windows\SYSTEM32\WINHTTP.dll
0x00007ffe2dbf0000 - 0x00007ffe2dc02000 	C:\Program Files\Java\jdk-14.0.1\bin\nio.dll
0x00007ffe3aa50000 - 0x00007ffe3aa60000 	C:\Program Files\Java\jdk-14.0.1\bin\verify.dll

dbghelp: loaded successfully - version: 4.0.5 - missing functions: none
symbol engine: initialized successfully - sym options: 0x614 - pdb path: .;C:\Program Files\Java\jdk-14.0.1\bin;C:\Windows\SYSTEM32;C:\Windows\WinSxS\amd64_microsoft.windows.common-controls_6595b64144ccf1df_6.0.18362.592_none_e6c0b1911312be02;C:\Program Files\Java\jdk-14.0.1\bin\server

VM Arguments:
jvm_args: -agentlib:jdwp=transport=dt_socket,suspend=y,address=localhost:57493 -javaagent:C:\Users\alfin.anthonyraj\eclipse\java-2020-032\eclipse\configuration\org.eclipse.osgi\223\0\.cp\lib\javaagent-shaded.jar -Dfile.encoding=UTF-8 
java_command: com.atmecs.updatedcalc.Evaluation
java_class_path (initial): C:\Users\alfin.anthonyraj\eclipse-workspace\Assignment\target\classes
Launcher Type: SUN_STANDARD

[Global flags]
     intx CICompilerCount                          = 4                                         {product} {ergonomic}
     uint ConcGCThreads                            = 2                                         {product} {ergonomic}
     uint G1ConcRefinementThreads                  = 8                                         {product} {ergonomic}
   size_t G1HeapRegionSize                         = 1048576                                   {product} {ergonomic}
    uintx GCDrainStackTargetSize                   = 64                                        {product} {ergonomic}
   size_t InitialHeapSize                          = 134217728                                 {product} {ergonomic}
   size_t MarkStackSize                            = 4194304                                   {product} {ergonomic}
   size_t MaxHeapSize                              = 2116026368                                {product} {ergonomic}
   size_t MaxNewSize                               = 1268776960                                {product} {ergonomic}
   size_t MinHeapDeltaBytes                        = 1048576                                   {product} {ergonomic}
   size_t MinHeapSize                              = 8388608                                   {product} {ergonomic}
    uintx NonNMethodCodeHeapSize                   = 5839372                                {pd product} {ergonomic}
    uintx NonProfiledCodeHeapSize                  = 122909434                              {pd product} {ergonomic}
    uintx ProfiledCodeHeapSize                     = 122909434                              {pd product} {ergonomic}
    uintx ReservedCodeCacheSize                    = 251658240                              {pd product} {ergonomic}
     bool SegmentedCodeCache                       = true                                      {product} {ergonomic}
   size_t SoftMaxHeapSize                          = 2116026368                             {manageable} {ergonomic}
     bool UseCompressedClassPointers               = true                                 {lp64_product} {ergonomic}
     bool UseCompressedOops                        = true                                 {lp64_product} {ergonomic}
     bool UseG1GC                                  = true                                      {product} {ergonomic}
     bool UseLargePagesIndividualAllocation        = false                                  {pd product} {ergonomic}

Logging:
Log output configuration:
 #0: stdout all=warning uptime,level,tags
 #1: stderr all=off uptime,level,tags

Environment Variables:
JAVA_HOME=C:\Program Files\Java\jdk-14.0.1
PATH=C:/Program Files/Java/jdk-14.0.1/bin/server;C:/Program Files/Java/jdk-14.0.1/bin;C:\Python38\Scripts\;C:\Python38\;C:\Windows\system32;C:\Windows;C:\Windows\System32\Wbem;C:\Windows\System32\WindowsPowerShell\v1.0\;C:\Windows\System32\OpenSSH\;C:\ProgramData\chocolatey\bin;C:\Program Files\nodejs\;C:\Program Files\Git\cmd;C:\Program Files\Git\mingw64\bin;C:\Program Files\Git\usr\bin;C:\Program Files\apache-maven-3.6.3\bin;C:\Users\alfin.anthonyraj\AppData\Local\Programs\Microsoft VS Code\bin;C:\Users\alfin.anthonyraj\AppData\Roaming\npm;C:\Users\alfin.anthonyraj\eclipse\java-2020-032\eclipse;
USERNAME=Alfin.Anthonyraj
OS=Windows_NT
PROCESSOR_IDENTIFIER=Intel64 Family 6 Model 142 Stepping 10, GenuineIntel



---------------  S Y S T E M  ---------------

OS: Windows 10 , 64 bit Build 18362 (10.0.18362.329)
OS uptime: 18 days 15:36 hours

CPU:total 8 (initial active 8) (4 cores per cpu, 2 threads per core) family 6 model 142 stepping 10, cmov, cx8, fxsr, mmx, sse, sse2, sse3, ssse3, sse4.1, sse4.2, popcnt, avx, avx2, aes, clmul, erms, 3dnowpref, lzcnt, ht, tsc, tscinvbit, bmi1, bmi2, adx, fma

Memory: 4k page, system-wide physical 8069M (3264M free)
TotalPageFile size 12112M (AvailPageFile size 5298M)
current process WorkingSet (physical memory assigned to process): 32M, peak: 45M
current process commit charge ("private bytes"): 216M, peak: 218M

vm_info: Java HotSpot(TM) 64-Bit Server VM (14.0.1+7) for windows-amd64 JRE (14.0.1+7), built on Mar  5 2020 10:30:14 by "mach5one" with MS VC++ 15.9 (VS2017)

END.
